C51 COMPILER V9.00   CONTROLLER                                                            03/03/2017 21:43:50 PAGE 1   


C51 COMPILER V9.00, COMPILATION OF MODULE CONTROLLER
OBJECT MODULE PLACED IN controller.obj
COMPILER INVOKED BY: I:\program\keil\C51\BIN\C51.EXE code\controller.c BROWSE DEBUG OBJECTEXTEND PRINT(.\controller.lst)
                    - OBJECT(controller.obj)

line level    source

   1          #include"controller.h"
   2          char paralist[4];
   3          
   4          void setparas(char*list)
   5          {
   6   1      
   7   1      }
*** WARNING C280 IN LINE 4 OF CODE\CONTROLLER.C: 'list': unreferenced local variable


MODULE INFORMATION:   STATIC OVERLAYABLE
   CODE SIZE        =      7    ----
   CONSTANT SIZE    =   ----    ----
   XDATA SIZE       =   ----    ----
   PDATA SIZE       =   ----    ----
   DATA SIZE        =      4       3
   IDATA SIZE       =   ----    ----
   BIT SIZE         =   ----    ----
END OF MODULE INFORMATION.


C51 COMPILATION COMPLETE.  1 WARNING(S),  0 ERROR(S)
