C51 COMPILER V9.00   DELAY                                                                 03/30/2017 17:11:07 PAGE 1   


C51 COMPILER V9.00, COMPILATION OF MODULE DELAY
OBJECT MODULE PLACED IN DELAY.obj
COMPILER INVOKED BY: I:\program\keil\C51\BIN\C51.EXE code\DELAY.c BROWSE DEBUG OBJECTEXTEND PRINT(.\DELAY.lst) OBJECT(DE
                    -LAY.obj)

line level    source

   1          #include"delay.h"
   2          //#include"reg52.h"
   3          //#include"global.h"
   4          /***************************延时函数*********************/
   5          //void LCDDelay(unchar t)
   6          //{
   7          //  unchar x,y;
   8          //  for(x=t;x>0;x--)
   9          //    for(y=110;y>0;y--);
  10          //}
  11          /**********************延时函数**************************/
  12          void NRFDelay(unsigned int t)
  13          {
  14   1         unsigned int x,y;
  15   1         for(x=t;x>0;x--)
  16   1          for(y=110;y>0;y--);
  17   1      }
  18          /*----------------------------
  19          软件延时
  20          ----------------------------*/
  21          void Delay(WORD n)
  22          {
  23   1          WORD x;
  24   1      
  25   1          while (n--)
  26   1          {
  27   2              x = 5000;
  28   2              while (x--);
  29   2          }
  30   1      }


MODULE INFORMATION:   STATIC OVERLAYABLE
   CODE SIZE        =     57    ----
   CONSTANT SIZE    =   ----    ----
   XDATA SIZE       =   ----    ----
   PDATA SIZE       =   ----    ----
   DATA SIZE        =   ----    ----
   IDATA SIZE       =   ----    ----
   BIT SIZE         =   ----    ----
END OF MODULE INFORMATION.


C51 COMPILATION COMPLETE.  0 WARNING(S),  0 ERROR(S)
