C51 COMPILER V9.00   MAIN                                                                  03/30/2017 17:11:07 PAGE 1   


C51 COMPILER V9.00, COMPILATION OF MODULE MAIN
OBJECT MODULE PLACED IN main.obj
COMPILER INVOKED BY: I:\program\keil\C51\BIN\C51.EXE code\main.c BROWSE DEBUG OBJECTEXTEND PRINT(.\main.lst) OBJECT(main
                    -.obj)

line level    source

   1          
   2          #include"global.h"
   3          
   4          unsigned int osclock = 0;
   5          
   6          void C51Timer0Init();
   7          void schdulerswitch();
   8          
   9          /************************主函数********************/
  10          void main()
  11          {
  12   1         uartinit();
  13   1         NRF24L01Int();
  14   1         C51Timer0Init();
  15   1         gathererinit();
  16   1         SendString("init\r\n");
  17   1         while(1)
  18   1          {
  19   2                      schdulerswitch();
  20   2              }
  21   1      }
  22          
  23          //调度器开关
  24          void schdulerswitch()
  25          {
  26   1               update();
  27   1               if(osclock%1000 ==0 )
  28   1               {
  29   2                      sch1s();
  30   2               }
  31   1               if(osclock%200 ==0 )
  32   1               {
  33   2                      sch02s();
  34   2               }
  35   1      }
  36          void C51Timer0Init()
  37          {       
  38   1              AUXR |= 0x80;           //定时器时钟1T模式
  39   1              TMOD &= 0xF0;           //设置定时器模式
  40   1              TL0 = 0xCD;             //设置定时初值
  41   1              TH0 = 0xD4;             //设置定时初值
  42   1              TF0 = 0;                //清除TF0标志
  43   1              TR0 = 1;                //定时器0开始计时
  44   1              ET0 = 1; //使能定时器0中断
  45   1          EA = 1;
  46   1      
  47   1      }
  48          void Timer0Interrupt() interrupt 1 using 2
  49          {
  50   1                 osclock = (osclock+1)%3000;
  51   1                 if(osclock%1000 == 0)
  52   1                 {
  53   2                       P54 = ~P54;
  54   2                 }
C51 COMPILER V9.00   MAIN                                                                  03/30/2017 17:11:07 PAGE 2   

  55   1      }


MODULE INFORMATION:   STATIC OVERLAYABLE
   CODE SIZE        =    140    ----
   CONSTANT SIZE    =      7    ----
   XDATA SIZE       =   ----    ----
   PDATA SIZE       =   ----    ----
   DATA SIZE        =      2    ----
   IDATA SIZE       =   ----    ----
   BIT SIZE         =   ----    ----
END OF MODULE INFORMATION.


C51 COMPILATION COMPLETE.  0 WARNING(S),  0 ERROR(S)
