C51 COMPILER V9.00   SCHDULER                                                              03/30/2017 17:11:08 PAGE 1   


C51 COMPILER V9.00, COMPILATION OF MODULE SCHDULER
OBJECT MODULE PLACED IN schduler.obj
COMPILER INVOKED BY: I:\program\keil\C51\BIN\C51.EXE code\schduler.c BROWSE DEBUG OBJECTEXTEND PRINT(.\schduler.lst) OBJ
                    -ECT(schduler.obj)

line level    source

   1          #include"schduler.h"
   2          
   3          void update()
   4          {
   5   1      
   6   1      }
   7          
   8          void sch1s()
   9          {
  10   1              sendvar(ligth);
  11   1      } 
  12          void sch02s()
  13          {
  14   1              handlerlights(lights,&ligvalindex);     
  15   1      }


MODULE INFORMATION:   STATIC OVERLAYABLE
   CODE SIZE        =     26    ----
   CONSTANT SIZE    =   ----    ----
   XDATA SIZE       =   ----    ----
   PDATA SIZE       =   ----    ----
   DATA SIZE        =   ----    ----
   IDATA SIZE       =   ----    ----
   BIT SIZE         =   ----    ----
END OF MODULE INFORMATION.


C51 COMPILATION COMPLETE.  0 WARNING(S),  0 ERROR(S)
